RUN	BasicSimulation		basicsimulation	1508787636456	null	2.0
USER	Home	1	START	1508787637207	1508787637207
USER	Search	6	START	1508787637244	1508787637244
REQUEST	Home	1		request_1	1508787637234	1508787637306	OK	 
REQUEST	Search	6		Search	1508787637245	1508787637319	OK	 
REQUEST	Home	1		request_1 Redirect 1	1508787637316	1508787637352	OK	 
USER	Search	7	START	1508787637722	1508787637722
USER	Home	2	START	1508787637761	1508787637761
REQUEST	Search	7		Search	1508787637722	1508787637790	OK	 
REQUEST	Home	2		request_1	1508787637762	1508787637836	OK	 
REQUEST	Home	2		request_1 Redirect 1	1508787637836	1508787637866	OK	 
USER	Search	8	START	1508787638219	1508787638219
USER	Home	3	START	1508787638259	1508787638259
REQUEST	Search	8		Search	1508787638220	1508787638287	OK	 
REQUEST	Home	3		request_1	1508787638260	1508787638325	OK	 
REQUEST	Home	3		request_1 Redirect 1	1508787638325	1508787638357	OK	 
USER	Search	9	START	1508787638723	1508787638723
USER	Home	4	START	1508787638758	1508787638758
REQUEST	Search	9		Search	1508787638723	1508787638794	OK	 
REQUEST	Home	4		request_1	1508787638758	1508787638830	OK	 
REQUEST	Home	4		request_1 Redirect 1	1508787638831	1508787638862	OK	 
USER	Search	10	START	1508787639219	1508787639219
USER	Home	5	START	1508787639259	1508787639259
REQUEST	Search	10		Search	1508787639219	1508787639289	OK	 
REQUEST	Home	5		request_1	1508787639260	1508787639325	OK	 
USER	Search	6	END	1508787637244	1508787639341
REQUEST	Home	5		request_1 Redirect 1	1508787639326	1508787639359	OK	 
USER	Home	11	START	1508787639721	1508787639721
USER	Search	13	START	1508787639721	1508787639721
REQUEST	Home	11		request_1	1508787639721	1508787639792	OK	 
REQUEST	Search	13		Search	1508787639721	1508787639794	OK	 
USER	Search	7	END	1508787637722	1508787639802
REQUEST	Home	11		request_1 Redirect 1	1508787639792	1508787639827	OK	 
USER	Home	12	START	1508787640222	1508787640222
USER	Search	14	START	1508787640222	1508787640222
REQUEST	Home	12		request_1	1508787640223	1508787640290	OK	 
REQUEST	Search	14		Search	1508787640223	1508787640297	OK	 
USER	Search	8	END	1508787638219	1508787640298
REQUEST	Home	12		request_1 Redirect 1	1508787640291	1508787640322	OK	 
USER	Search	17	START	1508787640720	1508787640720
USER	Home	15	START	1508787640720	1508787640720
REQUEST	Home	15		request_1	1508787640721	1508787640790	OK	 
REQUEST	Search	17		Search	1508787640721	1508787640790	OK	 
USER	Search	9	END	1508787638723	1508787640811
REQUEST	Home	15		request_1 Redirect 1	1508787640790	1508787640825	OK	 
USER	Home	16	START	1508787641219	1508787641219
USER	Search	18	START	1508787641219	1508787641219
REQUEST	Home	16		request_1	1508787641219	1508787641283	OK	 
REQUEST	Search	18		Search	1508787641219	1508787641284	OK	 
USER	Search	10	END	1508787639219	1508787641311
REQUEST	Home	16		request_1 Redirect 1	1508787641283	1508787641321	OK	 
USER	Home	19	START	1508787641721	1508787641721
USER	Search	21	START	1508787641721	1508787641721
REQUEST	Home	19		request_1	1508787641721	1508787641790	OK	 
REQUEST	Search	21		Search	1508787641721	1508787641792	OK	 
USER	Search	13	END	1508787639721	1508787641813
REQUEST	Home	19		request_1 Redirect 1	1508787641790	1508787641821	OK	 
USER	Search	22	START	1508787642220	1508787642220
USER	Home	20	START	1508787642220	1508787642220
REQUEST	Home	20		request_1	1508787642220	1508787642288	OK	 
REQUEST	Search	22		Search	1508787642220	1508787642292	OK	 
REQUEST	Home	20		request_1 Redirect 1	1508787642289	1508787642320	OK	 
USER	Search	14	END	1508787640222	1508787642322
USER	Home	1	END	1508787637207	1508787642373
USER	Home	23	START	1508787642720	1508787642720
USER	Search	25	START	1508787642720	1508787642720
REQUEST	Home	23		request_1	1508787642721	1508787642785	OK	 
REQUEST	Search	25		Search	1508787642721	1508787642786	OK	 
USER	Search	17	END	1508787640720	1508787642812
REQUEST	Home	23		request_1 Redirect 1	1508787642786	1508787642819	OK	 
USER	Home	2	END	1508787637761	1508787642882
USER	Home	24	START	1508787643219	1508787643219
USER	Search	26	START	1508787643219	1508787643219
REQUEST	Home	24		request_1	1508787643219	1508787643291	OK	 
REQUEST	Search	26		Search	1508787643219	1508787643291	OK	 
USER	Search	18	END	1508787641219	1508787643301
REQUEST	Home	24		request_1 Redirect 1	1508787643291	1508787643323	OK	 
USER	Home	3	END	1508787638259	1508787643372
USER	Search	29	START	1508787643718	1508787643718
USER	Home	27	START	1508787643718	1508787643718
REQUEST	Home	27		request_1	1508787643718	1508787643785	OK	 
REQUEST	Search	29		Search	1508787643718	1508787643788	OK	 
USER	Search	21	END	1508787641721	1508787643810
REQUEST	Home	27		request_1 Redirect 1	1508787643786	1508787643818	OK	 
USER	Home	4	END	1508787638758	1508787643881
USER	Search	30	START	1508787644220	1508787644220
USER	Home	28	START	1508787644220	1508787644220
REQUEST	Home	28		request_1	1508787644221	1508787644289	OK	 
REQUEST	Search	30		Search	1508787644221	1508787644293	OK	 
USER	Search	22	END	1508787642220	1508787644313
REQUEST	Home	28		request_1 Redirect 1	1508787644289	1508787644329	OK	 
USER	Home	5	END	1508787639259	1508787644368
USER	Home	31	START	1508787644718	1508787644718
USER	Search	33	START	1508787644718	1508787644718
REQUEST	Home	31		request_1	1508787644719	1508787644785	OK	 
REQUEST	Search	33		Search	1508787644719	1508787644785	OK	 
USER	Search	25	END	1508787642720	1508787644802
REQUEST	Home	31		request_1 Redirect 1	1508787644785	1508787644819	OK	 
USER	Home	11	END	1508787639721	1508787644842
USER	Home	32	START	1508787645219	1508787645219
USER	Search	34	START	1508787645219	1508787645219
REQUEST	Home	32		request_1	1508787645219	1508787645294	OK	 
USER	Search	26	END	1508787643219	1508787645311
REQUEST	Search	34		Search	1508787645219	1508787645315	OK	 
REQUEST	Home	32		request_1 Redirect 1	1508787645294	1508787645333	OK	 
USER	Home	12	END	1508787640222	1508787645341
USER	Search	37	START	1508787645719	1508787645719
USER	Home	35	START	1508787645719	1508787645719
REQUEST	Home	35		request_1	1508787645719	1508787645785	OK	 
REQUEST	Search	37		Search	1508787645719	1508787645785	OK	 
USER	Search	29	END	1508787643718	1508787645801
USER	Home	15	END	1508787640720	1508787645842
REQUEST	Home	35		request_1 Redirect 1	1508787645785	1508787645845	OK	 
USER	Search	38	START	1508787646222	1508787646222
USER	Home	36	START	1508787646222	1508787646222
REQUEST	Home	36		request_1	1508787646222	1508787646292	OK	 
REQUEST	Search	38		Search	1508787646222	1508787646294	OK	 
USER	Search	30	END	1508787644220	1508787646308
REQUEST	Home	36		request_1 Redirect 1	1508787646293	1508787646323	OK	 
USER	Home	16	END	1508787641219	1508787646338
USER	Home	39	START	1508787646720	1508787646720
USER	Search	40	START	1508787646720	1508787646720
REQUEST	Home	39		request_1	1508787646720	1508787646790	OK	 
REQUEST	Search	40		Search	1508787646720	1508787646791	OK	 
USER	Search	33	END	1508787644718	1508787646801
REQUEST	Home	39		request_1 Redirect 1	1508787646791	1508787646825	OK	 
USER	Home	19	END	1508787641721	1508787646830
USER	Home	20	END	1508787642220	1508787647330
USER	Search	34	END	1508787645219	1508787647331
USER	Search	37	END	1508787645719	1508787647803
USER	Home	23	END	1508787642720	1508787647828
USER	Search	38	END	1508787646222	1508787648311
USER	Home	24	END	1508787643219	1508787648341
USER	Search	40	END	1508787646720	1508787648809
USER	Home	27	END	1508787643718	1508787648830
USER	Home	28	END	1508787644220	1508787649339
USER	Home	31	END	1508787644718	1508787649831
USER	Home	32	END	1508787645219	1508787650353
USER	Home	35	END	1508787645719	1508787650858
USER	Home	36	END	1508787646222	1508787651329
USER	Home	39	END	1508787646720	1508787651839
