RUN	BasicSimulation		basicsimulation	1508788882493	null	2.0
USER	Home	1	START	1508788883287	1508788883287
USER	Search	6	START	1508788883324	1508788883324
REQUEST	Home	1		home	1508788883313	1508788883384	OK	 
REQUEST	Search	6		search	1508788883333	1508788883402	OK	 
REQUEST	Home	1		home Redirect 1	1508788883394	1508788883425	OK	 
USER	Search	7	START	1508788883789	1508788883789
USER	Home	2	START	1508788883829	1508788883829
REQUEST	Search	7		search	1508788883790	1508788883865	OK	 
REQUEST	Home	2		home	1508788883829	1508788883901	OK	 
REQUEST	Home	2		home Redirect 1	1508788883902	1508788883935	OK	 
USER	Search	8	START	1508788884291	1508788884291
USER	Home	3	START	1508788884331	1508788884331
REQUEST	Search	8		search	1508788884291	1508788884357	OK	 
REQUEST	Home	3		home	1508788884332	1508788884400	OK	 
REQUEST	Home	3		home Redirect 1	1508788884401	1508788884433	OK	 
USER	Search	9	START	1508788884790	1508788884790
USER	Home	4	START	1508788884830	1508788884830
REQUEST	Search	9		search	1508788884791	1508788884859	OK	 
REQUEST	Home	4		home	1508788884830	1508788884898	OK	 
REQUEST	Home	4		home Redirect 1	1508788884899	1508788884935	OK	 
USER	Search	10	START	1508788885289	1508788885289
USER	Home	5	START	1508788885330	1508788885330
REQUEST	Search	10		search	1508788885289	1508788885361	OK	 
REQUEST	Home	5		home	1508788885330	1508788885398	OK	 
REQUEST	Home	5		home Redirect 1	1508788885399	1508788885428	OK	 
USER	Search	6	END	1508788883324	1508788885434
USER	Search	13	START	1508788885799	1508788885799
USER	Home	11	START	1508788885799	1508788885799
REQUEST	Home	11		home	1508788885799	1508788885868	OK	 
REQUEST	Search	13		search	1508788885799	1508788885871	OK	 
USER	Search	7	END	1508788883789	1508788885879
REQUEST	Home	11		home Redirect 1	1508788885869	1508788885905	OK	 
USER	Search	14	START	1508788886303	1508788886303
USER	Home	12	START	1508788886303	1508788886303
REQUEST	Home	12		home	1508788886303	1508788886368	OK	 
USER	Search	8	END	1508788884291	1508788886373
REQUEST	Home	12		home Redirect 1	1508788886368	1508788886399	OK	 
USER	Search	17	START	1508788886803	1508788886803
USER	Home	15	START	1508788886803	1508788886803
REQUEST	Home	15		home	1508788886803	1508788886868	OK	 
USER	Search	9	END	1508788884790	1508788886869
REQUEST	Search	17		search	1508788886803	1508788886872	OK	 
REQUEST	Home	15		home Redirect 1	1508788886869	1508788886900	OK	 
USER	Search	18	START	1508788887303	1508788887303
USER	Home	16	START	1508788887303	1508788887303
USER	Search	10	END	1508788885289	1508788887380
REQUEST	Search	18		search	1508788887304	1508788887390	OK	 
REQUEST	Home	16		home	1508788887304	1508788887390	OK	 
REQUEST	Search	14		search	1508788886303	1508788887394	OK	 
REQUEST	Home	16		home Redirect 1	1508788887391	1508788887424	OK	 
USER	Search	21	START	1508788887803	1508788887803
USER	Home	19	START	1508788887803	1508788887803
REQUEST	Search	21		search	1508788887803	1508788887870	OK	 
REQUEST	Home	19		home	1508788887803	1508788887873	OK	 
USER	Search	13	END	1508788885799	1508788887894
REQUEST	Home	19		home Redirect 1	1508788887873	1508788887910	OK	 
USER	Search	22	START	1508788888299	1508788888299
USER	Home	20	START	1508788888299	1508788888299
REQUEST	Home	20		home	1508788888299	1508788888371	OK	 
REQUEST	Search	22		search	1508788888299	1508788888372	OK	 
REQUEST	Home	20		home Redirect 1	1508788888371	1508788888403	OK	 
USER	Home	1	END	1508788883287	1508788888443
USER	Search	25	START	1508788888792	1508788888792
USER	Home	23	START	1508788888792	1508788888792
REQUEST	Home	23		home	1508788888792	1508788888858	OK	 
REQUEST	Search	25		search	1508788888792	1508788888864	OK	 
USER	Search	17	END	1508788886803	1508788888894
REQUEST	Home	23		home Redirect 1	1508788888859	1508788888899	OK	 
USER	Home	2	END	1508788883829	1508788888949
USER	Search	26	START	1508788889289	1508788889289
USER	Home	24	START	1508788889289	1508788889289
REQUEST	Home	24		home	1508788889289	1508788889354	OK	 
REQUEST	Search	26		search	1508788889289	1508788889356	OK	 
REQUEST	Home	24		home Redirect 1	1508788889354	1508788889384	OK	 
USER	Search	14	END	1508788886303	1508788889410
USER	Search	18	END	1508788887303	1508788889410
USER	Home	3	END	1508788884331	1508788889451
USER	Search	29	START	1508788889792	1508788889792
USER	Home	27	START	1508788889792	1508788889792
REQUEST	Search	29		search	1508788889793	1508788889868	OK	 
REQUEST	Home	27		home	1508788889793	1508788889868	OK	 
USER	Search	21	END	1508788887803	1508788889879
REQUEST	Home	27		home Redirect 1	1508788889868	1508788889900	OK	 
USER	Home	4	END	1508788884830	1508788889952
USER	Search	30	START	1508788890294	1508788890294
USER	Home	28	START	1508788890294	1508788890294
REQUEST	Home	28		home	1508788890294	1508788890367	OK	 
REQUEST	Search	30		search	1508788890294	1508788890367	OK	 
USER	Search	22	END	1508788888299	1508788890389
REQUEST	Home	28		home Redirect 1	1508788890367	1508788890401	OK	 
USER	Home	5	END	1508788885330	1508788890441
USER	Search	33	START	1508788890802	1508788890802
USER	Home	31	START	1508788890802	1508788890802
REQUEST	Home	31		home	1508788890803	1508788890873	OK	 
REQUEST	Search	33		search	1508788890803	1508788890876	OK	 
USER	Search	25	END	1508788888792	1508788890884
REQUEST	Home	31		home Redirect 1	1508788890874	1508788890905	OK	 
USER	Home	11	END	1508788885799	1508788890919
USER	Search	34	START	1508788891302	1508788891302
USER	Home	32	START	1508788891302	1508788891302
REQUEST	Search	34		search	1508788891302	1508788891370	OK	 
USER	Search	26	END	1508788889289	1508788891373
REQUEST	Home	32		home	1508788891302	1508788891374	OK	 
REQUEST	Home	32		home Redirect 1	1508788891374	1508788891410	OK	 
USER	Home	12	END	1508788886303	1508788891413
USER	Search	37	START	1508788891804	1508788891804
USER	Home	35	START	1508788891804	1508788891804
USER	Search	29	END	1508788889792	1508788891870
REQUEST	Search	37		search	1508788891804	1508788891876	OK	 
REQUEST	Home	35		home	1508788891804	1508788891877	OK	 
REQUEST	Home	35		home Redirect 1	1508788891877	1508788891914	OK	 
USER	Home	15	END	1508788886803	1508788891921
USER	Search	38	START	1508788892304	1508788892304
USER	Home	36	START	1508788892304	1508788892304
USER	Search	30	END	1508788890294	1508788892370
REQUEST	Home	36		home	1508788892304	1508788892378	OK	 
REQUEST	Search	38		search	1508788892304	1508788892382	OK	 
REQUEST	Home	36		home Redirect 1	1508788892379	1508788892418	OK	 
USER	Home	16	END	1508788887303	1508788892441
USER	Search	40	START	1508788892799	1508788892799
USER	Home	39	START	1508788892799	1508788892799
REQUEST	Home	39		home	1508788892799	1508788892869	OK	 
REQUEST	Search	40		search	1508788892799	1508788892869	OK	 
USER	Search	33	END	1508788890802	1508788892890
REQUEST	Home	39		home Redirect 1	1508788892869	1508788892901	OK	 
USER	Home	19	END	1508788887803	1508788892921
USER	Search	34	END	1508788891302	1508788893380
USER	Home	20	END	1508788888299	1508788893421
USER	Search	37	END	1508788891804	1508788893891
USER	Home	23	END	1508788888792	1508788893911
USER	Home	24	END	1508788889289	1508788894399
USER	Search	38	END	1508788892304	1508788894399
USER	Search	40	END	1508788892799	1508788894884
USER	Home	27	END	1508788889792	1508788894920
USER	Home	28	END	1508788890294	1508788895420
USER	Home	31	END	1508788890802	1508788895911
USER	Home	32	END	1508788891302	1508788896421
USER	Home	35	END	1508788891804	1508788896930
USER	Home	36	END	1508788892304	1508788897429
USER	Home	39	END	1508788892799	1508788897919
