RUN	BasicSimulation		basicsimulation	1508787577581	null	2.0
USER	Home	1	START	1508787578314	1508787578314
USER	Search	6	START	1508787578356	1508787578356
REQUEST	Home	1		request_1	1508787578345	1508787578420	OK	 
REQUEST	Search	6		Home	1508787578356	1508787578422	OK	 
REQUEST	Search	6		Home Redirect 1	1508787578430	1508787578463	OK	 
REQUEST	Home	1		request_1 Redirect 1	1508787578430	1508787578460	OK	 
USER	Search	7	START	1508787578824	1508787578824
USER	Home	2	START	1508787578864	1508787578864
REQUEST	Search	7		Home	1508787578824	1508787578896	OK	 
REQUEST	Search	7		Home Redirect 1	1508787578897	1508787578929	OK	 
REQUEST	Home	2		request_1	1508787578864	1508787578932	OK	 
REQUEST	Home	2		request_1 Redirect 1	1508787578932	1508787578963	OK	 
USER	Search	8	START	1508787579327	1508787579327
USER	Home	3	START	1508787579367	1508787579367
REQUEST	Search	8		Home	1508787579327	1508787579394	OK	 
REQUEST	Search	8		Home Redirect 1	1508787579394	1508787579424	OK	 
REQUEST	Home	3		request_1	1508787579367	1508787579434	OK	 
REQUEST	Home	3		request_1 Redirect 1	1508787579434	1508787579464	OK	 
USER	Search	9	START	1508787579823	1508787579823
USER	Home	4	START	1508787579863	1508787579863
REQUEST	Search	9		Home	1508787579823	1508787579888	OK	 
REQUEST	Search	9		Home Redirect 1	1508787579889	1508787579922	OK	 
REQUEST	Home	4		request_1	1508787579863	1508787579932	OK	 
REQUEST	Home	4		request_1 Redirect 1	1508787579932	1508787579964	OK	 
USER	Search	10	START	1508787580325	1508787580325
USER	Home	5	START	1508787580366	1508787580366
REQUEST	Search	10		Home	1508787580325	1508787580398	OK	 
REQUEST	Home	5		request_1	1508787580366	1508787580433	OK	 
REQUEST	Search	10		Home Redirect 1	1508787580398	1508787580433	OK	 
REQUEST	Home	5		request_1 Redirect 1	1508787580433	1508787580467	OK	 
USER	Search	13	START	1508787580826	1508787580826
USER	Home	11	START	1508787580836	1508787580836
REQUEST	Search	13		Home	1508787580826	1508787580894	OK	 
REQUEST	Home	11		request_1	1508787580836	1508787580904	OK	 
REQUEST	Search	13		Home Redirect 1	1508787580894	1508787580929	OK	 
REQUEST	Home	11		request_1 Redirect 1	1508787580905	1508787580937	OK	 
USER	Search	14	START	1508787581324	1508787581324
USER	Home	12	START	1508787581334	1508787581334
REQUEST	Search	14		Home	1508787581324	1508787581397	OK	 
REQUEST	Home	12		request_1	1508787581334	1508787581405	OK	 
REQUEST	Search	14		Home Redirect 1	1508787581398	1508787581430	OK	 
REQUEST	Home	12		request_1 Redirect 1	1508787581405	1508787581436	OK	 
USER	Search	17	START	1508787581838	1508787581838
USER	Home	15	START	1508787581838	1508787581838
REQUEST	Search	17		Home	1508787581839	1508787581907	OK	 
REQUEST	Home	15		request_1	1508787581839	1508787581914	OK	 
REQUEST	Search	17		Home Redirect 1	1508787581907	1508787581938	OK	 
REQUEST	Home	15		request_1 Redirect 1	1508787581914	1508787581947	OK	 
USER	Home	16	START	1508787582338	1508787582338
USER	Search	18	START	1508787582338	1508787582338
REQUEST	Search	18		Home	1508787582338	1508787582408	OK	 
REQUEST	Home	16		request_1	1508787582338	1508787582409	OK	 
REQUEST	Search	18		Home Redirect 1	1508787582408	1508787582440	OK	 
REQUEST	Home	16		request_1 Redirect 1	1508787582409	1508787582444	OK	 
USER	Search	21	START	1508787582828	1508787582828
USER	Home	19	START	1508787582828	1508787582828
REQUEST	Home	19		request_1	1508787582828	1508787582899	OK	 
REQUEST	Search	21		Home	1508787582828	1508787582902	OK	 
REQUEST	Home	19		request_1 Redirect 1	1508787582900	1508787582931	OK	 
REQUEST	Search	21		Home Redirect 1	1508787582902	1508787582936	OK	 
USER	Search	22	START	1508787583324	1508787583324
USER	Home	20	START	1508787583324	1508787583324
REQUEST	Search	22		Home	1508787583324	1508787583386	OK	 
REQUEST	Home	20		request_1	1508787583324	1508787583392	OK	 
REQUEST	Search	22		Home Redirect 1	1508787583387	1508787583419	OK	 
REQUEST	Home	20		request_1 Redirect 1	1508787583392	1508787583425	OK	 
USER	Home	1	END	1508787578314	1508787583487
USER	Search	25	START	1508787583835	1508787583835
USER	Home	23	START	1508787583835	1508787583835
REQUEST	Home	23		request_1	1508787583835	1508787583901	OK	 
REQUEST	Search	25		Home	1508787583835	1508787583902	OK	 
REQUEST	Home	23		request_1 Redirect 1	1508787583902	1508787583934	OK	 
REQUEST	Search	25		Home Redirect 1	1508787583902	1508787583938	OK	 
USER	Home	2	END	1508787578864	1508787583977
USER	Home	24	START	1508787584337	1508787584337
USER	Search	26	START	1508787584337	1508787584337
REQUEST	Home	24		request_1	1508787584338	1508787584404	OK	 
REQUEST	Search	26		Home	1508787584338	1508787584404	OK	 
REQUEST	Search	26		Home Redirect 1	1508787584405	1508787584435	OK	 
REQUEST	Home	24		request_1 Redirect 1	1508787584405	1508787584444	OK	 
USER	Home	3	END	1508787579367	1508787584478
USER	Search	29	START	1508787584823	1508787584823
USER	Home	27	START	1508787584823	1508787584823
REQUEST	Search	29		Home	1508787584823	1508787584899	OK	 
REQUEST	Home	27		request_1	1508787584823	1508787584900	OK	 
REQUEST	Home	27		request_1 Redirect 1	1508787584900	1508787584933	OK	 
REQUEST	Search	29		Home Redirect 1	1508787584900	1508787584935	OK	 
USER	Home	4	END	1508787579863	1508787584988
USER	Search	30	START	1508787585327	1508787585327
USER	Home	28	START	1508787585327	1508787585327
REQUEST	Search	30		Home	1508787585327	1508787585398	OK	 
REQUEST	Home	28		request_1	1508787585327	1508787585399	OK	 
REQUEST	Search	30		Home Redirect 1	1508787585398	1508787585428	OK	 
REQUEST	Home	28		request_1 Redirect 1	1508787585399	1508787585435	OK	 
USER	Home	5	END	1508787580366	1508787585484
REQUEST	Search	6		Search	1508787585484	1508787585556	OK	 
USER	Search	33	START	1508787585823	1508787585823
USER	Home	31	START	1508787585823	1508787585823
REQUEST	Search	33		Home	1508787585823	1508787585888	OK	 
REQUEST	Home	31		request_1	1508787585823	1508787585889	OK	 
REQUEST	Search	33		Home Redirect 1	1508787585888	1508787585927	OK	 
REQUEST	Home	31		request_1 Redirect 1	1508787585889	1508787585931	OK	 
USER	Home	11	END	1508787580836	1508787585955
REQUEST	Search	7		Search	1508787585945	1508787586014	OK	 
USER	Search	34	START	1508787586325	1508787586325
USER	Home	32	START	1508787586325	1508787586325
REQUEST	Home	32		request_1	1508787586325	1508787586399	OK	 
REQUEST	Search	34		Home	1508787586325	1508787586404	OK	 
REQUEST	Home	32		request_1 Redirect 1	1508787586399	1508787586430	OK	 
REQUEST	Search	34		Home Redirect 1	1508787586404	1508787586435	OK	 
USER	Home	12	END	1508787581334	1508787586457
REQUEST	Search	8		Search	1508787586436	1508787586505	OK	 
USER	Search	37	START	1508787586836	1508787586836
USER	Home	35	START	1508787586836	1508787586836
REQUEST	Home	35		request_1	1508787586836	1508787586901	OK	 
REQUEST	Search	37		Home	1508787586836	1508787586901	OK	 
REQUEST	Home	35		request_1 Redirect 1	1508787586901	1508787586934	OK	 
REQUEST	Search	37		Home Redirect 1	1508787586902	1508787586938	OK	 
USER	Home	15	END	1508787581838	1508787586967
REQUEST	Search	9		Search	1508787586926	1508787586993	OK	 
USER	Home	36	START	1508787587333	1508787587333
USER	Search	38	START	1508787587333	1508787587333
REQUEST	Home	36		request_1	1508787587333	1508787587418	OK	 
REQUEST	Search	38		Home	1508787587333	1508787587418	OK	 
REQUEST	Home	36		request_1 Redirect 1	1508787587418	1508787587448	OK	 
REQUEST	Search	38		Home Redirect 1	1508787587418	1508787587453	OK	 
USER	Home	16	END	1508787582338	1508787587456
REQUEST	Search	10		Search	1508787587446	1508787587516	OK	 
USER	Search	6	END	1508787578356	1508787587564
USER	Home	39	START	1508787587829	1508787587829
USER	Search	40	START	1508787587829	1508787587829
REQUEST	Home	39		request_1	1508787587829	1508787587892	OK	 
REQUEST	Search	40		Home	1508787587829	1508787587895	OK	 
REQUEST	Home	39		request_1 Redirect 1	1508787587893	1508787587931	OK	 
REQUEST	Search	40		Home Redirect 1	1508787587895	1508787587933	OK	 
USER	Home	19	END	1508787582828	1508787587944
REQUEST	Search	13		Search	1508787587944	1508787588013	OK	 
USER	Search	7	END	1508787578824	1508787588014
USER	Home	20	END	1508787583324	1508787588443
USER	Search	8	END	1508787579327	1508787588505
REQUEST	Search	14		Search	1508787588444	1508787588524	OK	 
USER	Home	23	END	1508787583835	1508787588943
USER	Search	9	END	1508787579823	1508787589004
REQUEST	Search	17		Search	1508787588953	1508787589018	OK	 
USER	Home	24	END	1508787584337	1508787589456
USER	Search	10	END	1508787580325	1508787589516
REQUEST	Search	18		Search	1508787589456	1508787589524	OK	 
USER	Home	27	END	1508787584823	1508787589944
USER	Search	13	END	1508787580826	1508787590016
REQUEST	Search	21		Search	1508787589944	1508787590018	OK	 
USER	Home	28	END	1508787585327	1508787590445
USER	Search	14	END	1508787581324	1508787590526
REQUEST	Search	22		Search	1508787590435	1508787590536	OK	 
USER	Home	31	END	1508787585823	1508787590948
USER	Search	17	END	1508787581838	1508787591025
REQUEST	Search	25		Search	1508787590958	1508787591025	OK	 
USER	Home	32	END	1508787586325	1508787591447
REQUEST	Search	26		Search	1508787591447	1508787591520	OK	 
USER	Search	18	END	1508787582338	1508787591524
USER	Home	35	END	1508787586836	1508787591948
REQUEST	Search	29		Search	1508787591948	1508787592019	OK	 
USER	Search	21	END	1508787582828	1508787592038
USER	Home	36	END	1508787587333	1508787592464
REQUEST	Search	30		Search	1508787592443	1508787592512	OK	 
USER	Search	22	END	1508787583324	1508787592545
USER	Home	39	END	1508787587829	1508787592937
USER	Search	25	END	1508787583835	1508787593028
REQUEST	Search	33		Search	1508787592947	1508787593035	OK	 
USER	Search	26	END	1508787584337	1508787593518
REQUEST	Search	34		Search	1508787593448	1508787593520	OK	 
USER	Search	29	END	1508787584823	1508787594024
REQUEST	Search	37		Search	1508787593954	1508787594030	OK	 
USER	Search	30	END	1508787585327	1508787594518
REQUEST	Search	38		Search	1508787594468	1508787594549	OK	 
REQUEST	Search	40		Search	1508787594944	1508787595011	OK	 
USER	Search	33	END	1508787585823	1508787595025
USER	Search	34	END	1508787586325	1508787595524
USER	Search	37	END	1508787586836	1508787596037
USER	Search	38	END	1508787587333	1508787596554
USER	Search	40	END	1508787587829	1508787597013
