RUN	BasicSimulation		basicsimulation	1508786535367	null	2.0
USER	BasicSimulation	1	START	1508786536070	1508786536070
USER	BasicSimulation	2	START	1508786536102	1508786536102
USER	BasicSimulation	3	START	1508786536103	1508786536103
USER	BasicSimulation	4	START	1508786536104	1508786536104
USER	BasicSimulation	5	START	1508786536105	1508786536105
USER	BasicSimulation	6	START	1508786536106	1508786536106
USER	BasicSimulation	7	START	1508786536107	1508786536107
USER	BasicSimulation	8	START	1508786536108	1508786536108
USER	BasicSimulation	9	START	1508786536110	1508786536110
USER	BasicSimulation	10	START	1508786536111	1508786536111
REQUEST	BasicSimulation	10		request_1	1508786536111	1508786536178	OK	 
REQUEST	BasicSimulation	3		request_1	1508786536104	1508786536173	OK	 
REQUEST	BasicSimulation	2		request_1	1508786536103	1508786536173	OK	 
REQUEST	BasicSimulation	9		request_1	1508786536110	1508786536177	OK	 
REQUEST	BasicSimulation	8		request_1	1508786536108	1508786536178	OK	 
REQUEST	BasicSimulation	6		request_1	1508786536106	1508786536173	OK	 
REQUEST	BasicSimulation	7		request_1	1508786536107	1508786536175	OK	 
REQUEST	BasicSimulation	1		request_1	1508786536097	1508786536170	OK	 
REQUEST	BasicSimulation	5		request_1	1508786536105	1508786536177	OK	 
REQUEST	BasicSimulation	4		request_1	1508786536104	1508786536175	OK	 
REQUEST	BasicSimulation	2		request_1 Redirect 1	1508786536184	1508786536233	OK	 
REQUEST	BasicSimulation	8		request_1 Redirect 1	1508786536183	1508786536229	OK	 
REQUEST	BasicSimulation	6		request_1 Redirect 1	1508786536183	1508786536230	OK	 
REQUEST	BasicSimulation	10		request_1 Redirect 1	1508786536182	1508786536243	OK	 
REQUEST	BasicSimulation	5		request_1 Redirect 1	1508786536182	1508786536223	OK	 
REQUEST	BasicSimulation	9		request_1 Redirect 1	1508786536182	1508786536240	OK	 
REQUEST	BasicSimulation	3		request_1 Redirect 1	1508786536182	1508786536239	OK	 
REQUEST	BasicSimulation	7		request_1 Redirect 1	1508786536183	1508786536236	OK	 
REQUEST	BasicSimulation	1		request_1 Redirect 1	1508786536185	1508786536245	OK	 
REQUEST	BasicSimulation	4		request_1 Redirect 1	1508786536183	1508786536249	OK	 
REQUEST	BasicSimulation	5		Home	1508786541245	1508786541315	OK	 
REQUEST	BasicSimulation	2		Home	1508786541245	1508786541315	OK	 
REQUEST	BasicSimulation	8		Home	1508786541245	1508786541316	OK	 
REQUEST	BasicSimulation	1		Home	1508786541255	1508786541316	OK	 
REQUEST	BasicSimulation	6		Home	1508786541255	1508786541326	OK	 
REQUEST	BasicSimulation	10		Home	1508786541255	1508786541326	OK	 
REQUEST	BasicSimulation	3		Home	1508786541265	1508786541332	OK	 
REQUEST	BasicSimulation	7		Home	1508786541265	1508786541333	OK	 
REQUEST	BasicSimulation	9		Home	1508786541255	1508786541333	OK	 
REQUEST	BasicSimulation	4		Home	1508786541265	1508786541335	OK	 
REQUEST	BasicSimulation	2		Home Redirect 1	1508786541316	1508786541347	OK	 
REQUEST	BasicSimulation	5		Home Redirect 1	1508786541316	1508786541359	OK	 
REQUEST	BasicSimulation	1		Home Redirect 1	1508786541316	1508786541359	OK	 
REQUEST	BasicSimulation	8		Home Redirect 1	1508786541316	1508786541359	OK	 
REQUEST	BasicSimulation	10		Home Redirect 1	1508786541326	1508786541360	OK	 
REQUEST	BasicSimulation	6		Home Redirect 1	1508786541326	1508786541361	OK	 
REQUEST	BasicSimulation	7		Home Redirect 1	1508786541333	1508786541364	OK	 
REQUEST	BasicSimulation	3		Home Redirect 1	1508786541333	1508786541365	OK	 
REQUEST	BasicSimulation	9		Home Redirect 1	1508786541333	1508786541366	OK	 
REQUEST	BasicSimulation	4		Home Redirect 1	1508786541335	1508786541367	OK	 
REQUEST	BasicSimulation	6		Search	1508786548353	1508786548425	OK	 
REQUEST	BasicSimulation	7		Search	1508786548353	1508786548427	OK	 
REQUEST	BasicSimulation	2		Search	1508786548353	1508786548427	OK	 
REQUEST	BasicSimulation	5		Search	1508786548363	1508786548428	OK	 
REQUEST	BasicSimulation	10		Search	1508786548363	1508786548435	OK	 
REQUEST	BasicSimulation	1		Search	1508786548363	1508786548436	OK	 
REQUEST	BasicSimulation	3		Search	1508786548363	1508786548438	OK	 
REQUEST	BasicSimulation	8		Search	1508786548363	1508786548439	OK	 
REQUEST	BasicSimulation	4		Search	1508786548373	1508786548442	OK	 
REQUEST	BasicSimulation	9		Search	1508786548373	1508786548443	OK	 
REQUEST	BasicSimulation	5		Select	1508786550427	1508786550467	OK	 
REQUEST	BasicSimulation	2		Select	1508786550437	1508786550472	OK	 
REQUEST	BasicSimulation	3		Select	1508786550437	1508786550472	OK	 
REQUEST	BasicSimulation	4		Select	1508786550437	1508786550477	OK	 
REQUEST	BasicSimulation	6		Select	1508786550437	1508786550478	OK	 
REQUEST	BasicSimulation	7		Select	1508786550437	1508786550479	OK	 
REQUEST	BasicSimulation	9		Select	1508786550447	1508786550485	OK	 
REQUEST	BasicSimulation	10		Select	1508786550447	1508786550486	OK	 
REQUEST	BasicSimulation	8		Select	1508786550447	1508786550489	OK	 
REQUEST	BasicSimulation	1		Select	1508786550447	1508786550490	OK	 
USER	BasicSimulation	3	END	1508786536103	1508786553455
USER	BasicSimulation	2	END	1508786536102	1508786553455
USER	BasicSimulation	5	END	1508786536105	1508786553455
USER	BasicSimulation	7	END	1508786536107	1508786553463
USER	BasicSimulation	6	END	1508786536106	1508786553463
USER	BasicSimulation	9	END	1508786536110	1508786553473
USER	BasicSimulation	4	END	1508786536104	1508786553473
USER	BasicSimulation	1	END	1508786536070	1508786553473
USER	BasicSimulation	8	END	1508786536108	1508786553473
USER	BasicSimulation	10	END	1508786536111	1508786553474
