RUN	BasicSimulation		basicsimulation	1508787319028	null	2.0
USER	BasicSimulation	1	START	1508787319736	1508787319736
REQUEST	BasicSimulation	1		request_1	1508787319767	1508787319840	OK	 
REQUEST	BasicSimulation	1		request_1 Redirect 1	1508787319849	1508787319883	OK	 
USER	BasicSimulation	2	START	1508787320284	1508787320284
REQUEST	BasicSimulation	2		request_1	1508787320284	1508787320352	OK	 
REQUEST	BasicSimulation	2		request_1 Redirect 1	1508787320353	1508787320384	OK	 
USER	BasicSimulation	3	START	1508787320787	1508787320787
REQUEST	BasicSimulation	3		request_1	1508787320788	1508787320852	OK	 
REQUEST	BasicSimulation	3		request_1 Redirect 1	1508787320853	1508787320882	OK	 
USER	BasicSimulation	4	START	1508787321284	1508787321284
REQUEST	BasicSimulation	4		request_1	1508787321284	1508787321351	OK	 
REQUEST	BasicSimulation	4		request_1 Redirect 1	1508787321351	1508787321382	OK	 
USER	BasicSimulation	5	START	1508787321787	1508787321787
REQUEST	BasicSimulation	5		request_1	1508787321787	1508787321852	OK	 
REQUEST	BasicSimulation	5		request_1 Redirect 1	1508787321853	1508787321884	OK	 
USER	BasicSimulation	6	START	1508787322257	1508787322257
REQUEST	BasicSimulation	6		request_1	1508787322257	1508787322332	OK	 
REQUEST	BasicSimulation	6		request_1 Redirect 1	1508787322333	1508787322364	OK	 
USER	BasicSimulation	7	START	1508787322755	1508787322755
REQUEST	BasicSimulation	7		request_1	1508787322755	1508787322827	OK	 
REQUEST	BasicSimulation	7		request_1 Redirect 1	1508787322828	1508787322859	OK	 
USER	BasicSimulation	8	START	1508787323257	1508787323257
REQUEST	BasicSimulation	8		request_1	1508787323258	1508787323322	OK	 
REQUEST	BasicSimulation	8		request_1 Redirect 1	1508787323323	1508787323354	OK	 
USER	BasicSimulation	9	START	1508787323754	1508787323754
REQUEST	BasicSimulation	9		request_1	1508787323754	1508787323822	OK	 
REQUEST	BasicSimulation	9		request_1 Redirect 1	1508787323822	1508787323853	OK	 
USER	BasicSimulation	10	START	1508787324246	1508787324246
REQUEST	BasicSimulation	10		request_1	1508787324246	1508787324312	OK	 
REQUEST	BasicSimulation	10		request_1 Redirect 1	1508787324313	1508787324345	OK	 
USER	BasicSimulation	11	START	1508787324748	1508787324748
REQUEST	BasicSimulation	11		request_1	1508787324748	1508787324825	OK	 
REQUEST	BasicSimulation	11		request_1 Redirect 1	1508787324826	1508787324859	OK	 
USER	BasicSimulation	1	END	1508787319736	1508787324899
USER	BasicSimulation	12	START	1508787325258	1508787325258
REQUEST	BasicSimulation	12		request_1	1508787325259	1508787325322	OK	 
REQUEST	BasicSimulation	12		request_1 Redirect 1	1508787325323	1508787325359	OK	 
USER	BasicSimulation	2	END	1508787320284	1508787325406
USER	BasicSimulation	13	START	1508787325756	1508787325756
REQUEST	BasicSimulation	13		request_1	1508787325756	1508787325825	OK	 
REQUEST	BasicSimulation	13		request_1 Redirect 1	1508787325825	1508787325857	OK	 
USER	BasicSimulation	3	END	1508787320787	1508787325897
USER	BasicSimulation	14	START	1508787326254	1508787326254
REQUEST	BasicSimulation	14		request_1	1508787326254	1508787326314	OK	 
REQUEST	BasicSimulation	14		request_1 Redirect 1	1508787326315	1508787326347	OK	 
USER	BasicSimulation	4	END	1508787321284	1508787326395
USER	BasicSimulation	15	START	1508787326757	1508787326757
REQUEST	BasicSimulation	15		request_1	1508787326757	1508787326820	OK	 
REQUEST	BasicSimulation	15		request_1 Redirect 1	1508787326821	1508787326851	OK	 
USER	BasicSimulation	5	END	1508787321787	1508787326895
USER	BasicSimulation	16	START	1508787327259	1508787327259
REQUEST	BasicSimulation	16		request_1	1508787327259	1508787327324	OK	 
REQUEST	BasicSimulation	16		request_1 Redirect 1	1508787327325	1508787327356	OK	 
USER	BasicSimulation	6	END	1508787322257	1508787327374
USER	BasicSimulation	17	START	1508787327757	1508787327757
REQUEST	BasicSimulation	17		request_1	1508787327758	1508787327822	OK	 
REQUEST	BasicSimulation	17		request_1 Redirect 1	1508787327823	1508787327853	OK	 
USER	BasicSimulation	7	END	1508787322755	1508787327879
USER	BasicSimulation	18	START	1508787328254	1508787328254
REQUEST	BasicSimulation	18		request_1	1508787328255	1508787328332	OK	 
USER	BasicSimulation	8	END	1508787323257	1508787328366
REQUEST	BasicSimulation	18		request_1 Redirect 1	1508787328333	1508787328366	OK	 
USER	BasicSimulation	19	START	1508787328756	1508787328756
REQUEST	BasicSimulation	19		request_1	1508787328756	1508787328822	OK	 
REQUEST	BasicSimulation	19		request_1 Redirect 1	1508787328823	1508787328853	OK	 
USER	BasicSimulation	9	END	1508787323754	1508787328858
USER	BasicSimulation	20	START	1508787329254	1508787329254
REQUEST	BasicSimulation	20		request_1	1508787329254	1508787329317	OK	 
REQUEST	BasicSimulation	20		request_1 Redirect 1	1508787329318	1508787329352	OK	 
USER	BasicSimulation	10	END	1508787324246	1508787329356
USER	BasicSimulation	11	END	1508787324748	1508787329876
USER	BasicSimulation	12	END	1508787325258	1508787330374
USER	BasicSimulation	13	END	1508787325756	1508787330878
USER	BasicSimulation	14	END	1508787326254	1508787331366
USER	BasicSimulation	15	END	1508787326757	1508787331869
USER	BasicSimulation	16	END	1508787327259	1508787332365
USER	BasicSimulation	17	END	1508787327757	1508787332865
USER	BasicSimulation	18	END	1508787328254	1508787333384
USER	BasicSimulation	19	END	1508787328756	1508787333866
USER	BasicSimulation	20	END	1508787329254	1508787334364
