RUN	BasicSimulation		basicsimulation	1508787136204	null	2.0
USER	BasicSimulation	1	START	1508787136913	1508787136913
REQUEST	BasicSimulation	1		request_1	1508787136944	1508787137020	OK	 
REQUEST	BasicSimulation	1		request_1 Redirect 1	1508787137029	1508787137059	OK	 
USER	BasicSimulation	2	START	1508787137957	1508787137957
REQUEST	BasicSimulation	2		request_1	1508787137957	1508787138024	OK	 
REQUEST	BasicSimulation	2		request_1 Redirect 1	1508787138025	1508787138057	OK	 
USER	BasicSimulation	3	START	1508787138956	1508787138956
REQUEST	BasicSimulation	3		request_1	1508787138957	1508787139029	OK	 
REQUEST	BasicSimulation	3		request_1 Redirect 1	1508787139029	1508787139065	OK	 
USER	BasicSimulation	4	START	1508787139929	1508787139929
REQUEST	BasicSimulation	4		request_1	1508787139929	1508787139992	OK	 
REQUEST	BasicSimulation	4		request_1 Redirect 1	1508787139993	1508787140022	OK	 
USER	BasicSimulation	5	START	1508787140928	1508787140928
REQUEST	BasicSimulation	5		request_1	1508787140928	1508787140990	OK	 
REQUEST	BasicSimulation	5		request_1 Redirect 1	1508787140990	1508787141022	OK	 
USER	BasicSimulation	6	START	1508787141926	1508787141926
REQUEST	BasicSimulation	6		request_1	1508787141927	1508787141999	OK	 
REQUEST	BasicSimulation	6		request_1 Redirect 1	1508787141999	1508787142035	OK	 
USER	BasicSimulation	1	END	1508787136913	1508787142081
USER	BasicSimulation	7	START	1508787142916	1508787142916
REQUEST	BasicSimulation	7		request_1	1508787142917	1508787142982	OK	 
REQUEST	BasicSimulation	7		request_1 Redirect 1	1508787142982	1508787143013	OK	 
USER	BasicSimulation	2	END	1508787137957	1508787143070
USER	BasicSimulation	8	START	1508787143916	1508787143916
REQUEST	BasicSimulation	8		request_1	1508787143917	1508787143981	OK	 
REQUEST	BasicSimulation	8		request_1 Redirect 1	1508787143981	1508787144012	OK	 
USER	BasicSimulation	3	END	1508787138956	1508787144082
USER	BasicSimulation	9	START	1508787144917	1508787144917
REQUEST	BasicSimulation	9		request_1	1508787144917	1508787144988	OK	 
REQUEST	BasicSimulation	9		request_1 Redirect 1	1508787144989	1508787145022	OK	 
USER	BasicSimulation	4	END	1508787139929	1508787145040
USER	BasicSimulation	10	START	1508787145930	1508787145930
REQUEST	BasicSimulation	10		request_1	1508787145930	1508787145999	OK	 
REQUEST	BasicSimulation	10		request_1 Redirect 1	1508787146000	1508787146029	OK	 
USER	BasicSimulation	5	END	1508787140928	1508787146041
USER	BasicSimulation	6	END	1508787141926	1508787147047
USER	BasicSimulation	7	END	1508787142916	1508787148028
USER	BasicSimulation	8	END	1508787143916	1508787149028
USER	BasicSimulation	9	END	1508787144917	1508787150039
USER	BasicSimulation	10	END	1508787145930	1508787151038
