RUN	BasicSimulation		basicsimulation	1508786602068	null	2.0
USER	BasicSimulation	1	START	1508786602765	1508786602765
USER	BasicSimulation	2	START	1508786602798	1508786602798
USER	BasicSimulation	3	START	1508786602799	1508786602799
USER	BasicSimulation	4	START	1508786602800	1508786602800
USER	BasicSimulation	5	START	1508786602801	1508786602801
USER	BasicSimulation	6	START	1508786602802	1508786602802
USER	BasicSimulation	7	START	1508786602803	1508786602803
USER	BasicSimulation	8	START	1508786602803	1508786602803
USER	BasicSimulation	9	START	1508786602804	1508786602804
USER	BasicSimulation	10	START	1508786602805	1508786602805
REQUEST	BasicSimulation	2		request_1	1508786602799	1508786602867	OK	 
REQUEST	BasicSimulation	1		request_1	1508786602793	1508786602861	OK	 
REQUEST	BasicSimulation	8		request_1	1508786602804	1508786602872	OK	 
REQUEST	BasicSimulation	5		request_1	1508786602801	1508786602872	OK	 
REQUEST	BasicSimulation	9		request_1	1508786602804	1508786602873	OK	 
REQUEST	BasicSimulation	3		request_1	1508786602800	1508786602873	OK	 
REQUEST	BasicSimulation	6		request_1	1508786602802	1508786602873	OK	 
REQUEST	BasicSimulation	7		request_1	1508786602803	1508786602874	OK	 
REQUEST	BasicSimulation	4		request_1	1508786602800	1508786602874	OK	 
REQUEST	BasicSimulation	10		request_1	1508786602805	1508786602875	OK	 
REQUEST	BasicSimulation	2		request_1 Redirect 1	1508786602871	1508786602906	OK	 
REQUEST	BasicSimulation	3		request_1 Redirect 1	1508786602873	1508786602913	OK	 
REQUEST	BasicSimulation	7		request_1 Redirect 1	1508786602874	1508786602923	OK	 
REQUEST	BasicSimulation	6		request_1 Redirect 1	1508786602873	1508786602920	OK	 
REQUEST	BasicSimulation	8		request_1 Redirect 1	1508786602872	1508786602912	OK	 
REQUEST	BasicSimulation	9		request_1 Redirect 1	1508786602873	1508786602916	OK	 
REQUEST	BasicSimulation	10		request_1 Redirect 1	1508786602875	1508786602926	OK	 
REQUEST	BasicSimulation	5		request_1 Redirect 1	1508786602872	1508786602928	OK	 
REQUEST	BasicSimulation	1		request_1 Redirect 1	1508786602871	1508786602929	OK	 
REQUEST	BasicSimulation	4		request_1 Redirect 1	1508786602875	1508786602929	OK	 
USER	BasicSimulation	2	END	1508786602798	1508786607935
USER	BasicSimulation	8	END	1508786602803	1508786607935
USER	BasicSimulation	3	END	1508786602799	1508786607935
USER	BasicSimulation	7	END	1508786602803	1508786607944
USER	BasicSimulation	9	END	1508786602804	1508786607944
USER	BasicSimulation	5	END	1508786602801	1508786607944
USER	BasicSimulation	10	END	1508786602805	1508786607944
USER	BasicSimulation	4	END	1508786602800	1508786607944
USER	BasicSimulation	1	END	1508786602765	1508786607944
USER	BasicSimulation	6	END	1508786602802	1508786607944
