RUN	BasicSimulation		basicsimulation	1508787856399	null	2.0
USER	Home	1	START	1508787857098	1508787857098
USER	Search	6	START	1508787857139	1508787857139
REQUEST	Home	1		home	1508787857128	1508787857199	OK	 
REQUEST	Search	6		search	1508787857140	1508787857215	OK	 
REQUEST	Home	1		home Redirect 1	1508787857207	1508787857238	OK	 
USER	Search	7	START	1508787857604	1508787857604
USER	Home	2	START	1508787857644	1508787857644
REQUEST	Search	7		search	1508787857604	1508787857669	OK	 
REQUEST	Home	2		home	1508787857644	1508787857710	OK	 
REQUEST	Home	2		home Redirect 1	1508787857710	1508787857743	OK	 
USER	Search	8	START	1508787858105	1508787858105
USER	Home	3	START	1508787858146	1508787858146
REQUEST	Search	8		search	1508787858105	1508787858173	OK	 
REQUEST	Home	3		home	1508787858146	1508787858215	OK	 
REQUEST	Home	3		home Redirect 1	1508787858216	1508787858248	OK	 
USER	Search	9	START	1508787858607	1508787858607
USER	Home	4	START	1508787858647	1508787858647
REQUEST	Search	9		search	1508787858607	1508787858676	OK	 
REQUEST	Home	4		home	1508787858647	1508787858713	OK	 
REQUEST	Home	4		home Redirect 1	1508787858714	1508787858745	OK	 
USER	Search	10	START	1508787859104	1508787859104
USER	Home	5	START	1508787859144	1508787859144
REQUEST	Search	10		search	1508787859104	1508787859181	OK	 
REQUEST	Home	5		home	1508787859144	1508787859214	OK	 
USER	Search	6	END	1508787857139	1508787859226
REQUEST	Home	5		home Redirect 1	1508787859214	1508787859244	OK	 
USER	Home	11	START	1508787859606	1508787859606
USER	Search	13	START	1508787859606	1508787859606
REQUEST	Home	11		home	1508787859606	1508787859675	OK	 
USER	Search	7	END	1508787857604	1508787859678
REQUEST	Search	13		search	1508787859606	1508787859680	OK	 
REQUEST	Home	11		home Redirect 1	1508787859676	1508787859712	OK	 
USER	Search	14	START	1508787860104	1508787860104
USER	Home	12	START	1508787860104	1508787860104
REQUEST	Search	14		search	1508787860104	1508787860175	OK	 
REQUEST	Home	12		home	1508787860104	1508787860178	OK	 
USER	Search	8	END	1508787858105	1508787860187
REQUEST	Home	12		home Redirect 1	1508787860178	1508787860208	OK	 
USER	Home	15	START	1508787860615	1508787860615
USER	Search	17	START	1508787860615	1508787860615
REQUEST	Home	15		home	1508787860615	1508787860683	OK	 
USER	Search	9	END	1508787858607	1508787860686
REQUEST	Search	17		search	1508787860615	1508787860698	OK	 
REQUEST	Home	15		home Redirect 1	1508787860684	1508787860715	OK	 
USER	Home	16	START	1508787861114	1508787861114
USER	Search	18	START	1508787861114	1508787861114
REQUEST	Home	16		home	1508787861114	1508787861183	OK	 
USER	Search	10	END	1508787859104	1508787861185
REQUEST	Search	18		search	1508787861114	1508787861187	OK	 
REQUEST	Home	16		home Redirect 1	1508787861183	1508787861216	OK	 
USER	Home	19	START	1508787861605	1508787861605
USER	Search	21	START	1508787861605	1508787861605
REQUEST	Home	19		home	1508787861605	1508787861676	OK	 
REQUEST	Search	21		search	1508787861605	1508787861678	OK	 
USER	Search	13	END	1508787859606	1508787861695
REQUEST	Home	19		home Redirect 1	1508787861677	1508787861715	OK	 
USER	Search	22	START	1508787862104	1508787862104
USER	Home	20	START	1508787862104	1508787862104
REQUEST	Search	22		search	1508787862104	1508787862176	OK	 
REQUEST	Home	20		home	1508787862104	1508787862178	OK	 
USER	Search	14	END	1508787860104	1508787862185
REQUEST	Home	20		home Redirect 1	1508787862179	1508787862210	OK	 
USER	Home	1	END	1508787857098	1508787862247
USER	Search	25	START	1508787862618	1508787862618
USER	Home	23	START	1508787862618	1508787862618
REQUEST	Home	23		home	1508787862619	1508787862690	OK	 
REQUEST	Search	25		search	1508787862619	1508787862691	OK	 
USER	Search	17	END	1508787860615	1508787862715
REQUEST	Home	23		home Redirect 1	1508787862691	1508787862723	OK	 
USER	Home	2	END	1508787857644	1508787862745
USER	Search	26	START	1508787863114	1508787863114
USER	Home	24	START	1508787863114	1508787863114
REQUEST	Search	26		search	1508787863114	1508787863184	OK	 
REQUEST	Home	24		home	1508787863114	1508787863188	OK	 
USER	Search	18	END	1508787861114	1508787863206
REQUEST	Home	24		home Redirect 1	1508787863189	1508787863223	OK	 
USER	Home	3	END	1508787858146	1508787863266
USER	Home	27	START	1508787863616	1508787863616
USER	Search	29	START	1508787863616	1508787863616
USER	Search	21	END	1508787861605	1508787863697
REQUEST	Home	27		home	1508787863617	1508787863700	OK	 
REQUEST	Search	29		search	1508787863617	1508787863701	OK	 
REQUEST	Home	27		home Redirect 1	1508787863701	1508787863736	OK	 
USER	Home	4	END	1508787858647	1508787863758
USER	Home	28	START	1508787864117	1508787864117
USER	Search	30	START	1508787864117	1508787864117
REQUEST	Home	28		home	1508787864117	1508787864182	OK	 
USER	Search	22	END	1508787862104	1508787864194
REQUEST	Search	30		search	1508787864117	1508787864195	OK	 
REQUEST	Home	28		home Redirect 1	1508787864182	1508787864213	OK	 
USER	Home	5	END	1508787859144	1508787864265
USER	Search	33	START	1508787864615	1508787864615
USER	Home	31	START	1508787864615	1508787864615
REQUEST	Search	33		search	1508787864615	1508787864685	OK	 
REQUEST	Home	31		home	1508787864615	1508787864690	OK	 
USER	Search	25	END	1508787862618	1508787864707
REQUEST	Home	31		home Redirect 1	1508787864690	1508787864726	OK	 
USER	Home	11	END	1508787859606	1508787864727
USER	Search	34	START	1508787865116	1508787865116
USER	Home	32	START	1508787865116	1508787865116
REQUEST	Home	32		home	1508787865116	1508787865183	OK	 
REQUEST	Search	34		search	1508787865116	1508787865185	OK	 
USER	Search	26	END	1508787863114	1508787865197
REQUEST	Home	32		home Redirect 1	1508787865183	1508787865219	OK	 
USER	Home	12	END	1508787860104	1508787865227
USER	Search	37	START	1508787865614	1508787865614
USER	Home	35	START	1508787865614	1508787865614
REQUEST	Home	35		home	1508787865614	1508787865678	OK	 
REQUEST	Search	37		search	1508787865614	1508787865688	OK	 
USER	Search	29	END	1508787863616	1508787865715
REQUEST	Home	35		home Redirect 1	1508787865679	1508787865717	OK	 
USER	Home	15	END	1508787860615	1508787865736
USER	Search	38	START	1508787866116	1508787866116
USER	Home	36	START	1508787866116	1508787866116
REQUEST	Search	38		search	1508787866116	1508787866186	OK	 
REQUEST	Home	36		home	1508787866116	1508787866188	OK	 
USER	Search	30	END	1508787864117	1508787866219
REQUEST	Home	36		home Redirect 1	1508787866188	1508787866222	OK	 
USER	Home	16	END	1508787861114	1508787866240
USER	Search	40	START	1508787866614	1508787866614
USER	Home	39	START	1508787866614	1508787866614
REQUEST	Home	39		home	1508787866614	1508787866680	OK	 
REQUEST	Search	40		search	1508787866614	1508787866681	OK	 
USER	Search	33	END	1508787864615	1508787866695
REQUEST	Home	39		home Redirect 1	1508787866681	1508787866715	OK	 
USER	Home	19	END	1508787861605	1508787866737
USER	Search	34	END	1508787865116	1508787867199
USER	Home	20	END	1508787862104	1508787867224
USER	Search	37	END	1508787865614	1508787867705
USER	Home	23	END	1508787862618	1508787867737
USER	Search	38	END	1508787866116	1508787868197
USER	Home	24	END	1508787863114	1508787868237
USER	Search	40	END	1508787866614	1508787868697
USER	Home	27	END	1508787863616	1508787868747
USER	Home	28	END	1508787864117	1508787869224
USER	Home	31	END	1508787864615	1508787869748
USER	Home	32	END	1508787865116	1508787870234
USER	Home	35	END	1508787865614	1508787870734
USER	Home	36	END	1508787866116	1508787871235
USER	Home	39	END	1508787866614	1508787871735
