RUN	BasicSimulation		basicsimulation	1508789515239	null	2.0
USER	Home	1	START	1508789516010	1508789516010
USER	Search	6	START	1508789516045	1508789516045
REQUEST	Home	1		home	1508789516035	1508789516102	OK	 
REQUEST	Search	6		search 0	1508789516058	1508789516125	OK	 
REQUEST	Home	1		home Redirect 1	1508789516112	1508789516144	OK	 
USER	Search	7	START	1508789516518	1508789516518
USER	Home	2	START	1508789516548	1508789516548
REQUEST	Search	7		search 0	1508789516519	1508789516587	OK	 
REQUEST	Home	2		home	1508789516548	1508789516618	OK	 
REQUEST	Home	2		home Redirect 1	1508789516618	1508789516652	OK	 
USER	Search	8	START	1508789517021	1508789517021
USER	Home	3	START	1508789517051	1508789517051
REQUEST	Search	8		search 0	1508789517021	1508789517094	OK	 
REQUEST	Home	3		home	1508789517051	1508789517122	OK	 
REQUEST	Home	3		home Redirect 1	1508789517123	1508789517154	OK	 
USER	Search	9	START	1508789517519	1508789517519
USER	Home	4	START	1508789517550	1508789517550
REQUEST	Search	9		search 0	1508789517520	1508789517588	OK	 
REQUEST	Home	4		home	1508789517550	1508789517621	OK	 
REQUEST	Home	4		home Redirect 1	1508789517622	1508789517653	OK	 
USER	Search	10	START	1508789518022	1508789518022
USER	Home	5	START	1508789518054	1508789518054
REQUEST	Search	10		search 0	1508789518022	1508789518093	OK	 
REQUEST	Home	5		home	1508789518054	1508789518124	OK	 
REQUEST	Home	5		home Redirect 1	1508789518125	1508789518160	OK	 
REQUEST	Search	6		search 1	1508789518139	1508789518175	OK	 
USER	Search	13	START	1508789518518	1508789518518
USER	Home	11	START	1508789518518	1508789518518
REQUEST	Home	11		home	1508789518518	1508789518587	OK	 
REQUEST	Search	13		search 0	1508789518519	1508789518588	OK	 
REQUEST	Home	11		home Redirect 1	1508789518587	1508789518622	OK	 
REQUEST	Search	7		search 1	1508789518590	1508789518625	OK	 
USER	Search	14	START	1508789519018	1508789519018
USER	Home	12	START	1508789519018	1508789519018
REQUEST	Home	12		home	1508789519018	1508789519089	OK	 
REQUEST	Search	14		search 0	1508789519018	1508789519090	OK	 
REQUEST	Home	12		home Redirect 1	1508789519089	1508789519123	OK	 
REQUEST	Search	8		search 1	1508789519109	1508789519144	OK	 
USER	Search	17	START	1508789519523	1508789519523
USER	Home	15	START	1508789519523	1508789519523
REQUEST	Home	15		home	1508789519523	1508789519589	OK	 
REQUEST	Search	17		search 0	1508789519523	1508789519590	OK	 
REQUEST	Home	15		home Redirect 1	1508789519589	1508789519620	OK	 
REQUEST	Search	9		search 1	1508789519603	1508789519635	OK	 
USER	Search	18	START	1508789520021	1508789520021
USER	Home	16	START	1508789520021	1508789520021
REQUEST	Home	16		home	1508789520022	1508789520088	OK	 
REQUEST	Search	18		search 0	1508789520022	1508789520090	OK	 
REQUEST	Search	10		search 1	1508789520098	1508789520133	OK	 
REQUEST	Home	16		home Redirect 1	1508789520089	1508789520151	OK	 
REQUEST	Search	6		search 2	1508789520179	1508789520211	OK	 
USER	Search	21	START	1508789520518	1508789520518
USER	Home	19	START	1508789520518	1508789520518
REQUEST	Home	19		home	1508789520518	1508789520587	OK	 
REQUEST	Search	21		search 0	1508789520518	1508789520591	OK	 
REQUEST	Home	19		home Redirect 1	1508789520588	1508789520624	OK	 
REQUEST	Search	13		search 1	1508789520600	1508789520636	OK	 
REQUEST	Search	7		search 2	1508789520640	1508789520677	OK	 
USER	Search	22	START	1508789521022	1508789521022
USER	Home	20	START	1508789521022	1508789521022
REQUEST	Home	20		home	1508789521022	1508789521091	OK	 
REQUEST	Search	22		search 0	1508789521023	1508789521096	OK	 
REQUEST	Home	20		home Redirect 1	1508789521092	1508789521125	OK	 
REQUEST	Search	14		search 1	1508789521108	1508789521144	OK	 
USER	Home	1	END	1508789516010	1508789521149
REQUEST	Search	8		search 2	1508789521148	1508789521185	OK	 
USER	Search	25	START	1508789521521	1508789521521
USER	Home	23	START	1508789521521	1508789521521
REQUEST	Home	23		home	1508789521521	1508789521585	OK	 
REQUEST	Search	25		search 0	1508789521521	1508789521587	OK	 
REQUEST	Home	23		home Redirect 1	1508789521586	1508789521621	OK	 
REQUEST	Search	17		search 1	1508789521602	1508789521635	OK	 
USER	Home	2	END	1508789516548	1508789521663
REQUEST	Search	9		search 2	1508789521643	1508789521676	OK	 
USER	Search	26	START	1508789522022	1508789522022
USER	Home	24	START	1508789522022	1508789522022
REQUEST	Home	24		home	1508789522022	1508789522090	OK	 
REQUEST	Search	26		search 0	1508789522022	1508789522090	OK	 
REQUEST	Home	24		home Redirect 1	1508789522090	1508789522122	OK	 
REQUEST	Search	18		search 1	1508789522103	1508789522142	OK	 
USER	Home	3	END	1508789517051	1508789522168
REQUEST	Search	10		search 2	1508789522138	1508789522179	OK	 
REQUEST	Search	6		search 3	1508789522218	1508789522259	OK	 
USER	Search	29	START	1508789522523	1508789522523
USER	Home	27	START	1508789522523	1508789522523
REQUEST	Search	29		search 0	1508789522523	1508789522591	OK	 
REQUEST	Home	27		home	1508789522523	1508789522594	OK	 
REQUEST	Home	27		home Redirect 1	1508789522595	1508789522625	OK	 
REQUEST	Search	21		search 1	1508789522610	1508789522643	OK	 
USER	Home	4	END	1508789517550	1508789522671
REQUEST	Search	13		search 2	1508789522640	1508789522682	OK	 
REQUEST	Search	7		search 3	1508789522681	1508789522717	OK	 
USER	Search	30	START	1508789523022	1508789523022
USER	Home	28	START	1508789523022	1508789523022
REQUEST	Home	28		home	1508789523022	1508789523086	OK	 
REQUEST	Search	30		search 0	1508789523023	1508789523095	OK	 
REQUEST	Home	28		home Redirect 1	1508789523087	1508789523116	OK	 
REQUEST	Search	22		search 1	1508789523099	1508789523135	OK	 
REQUEST	Search	14		search 2	1508789523139	1508789523175	OK	 
USER	Home	5	END	1508789518054	1508789523180
REQUEST	Search	8		search 3	1508789523180	1508789523217	OK	 
USER	Search	33	START	1508789523518	1508789523518
USER	Home	31	START	1508789523518	1508789523518
REQUEST	Home	31		home	1508789523518	1508789523591	OK	 
REQUEST	Search	33		search 0	1508789523518	1508789523591	OK	 
REQUEST	Home	31		home Redirect 1	1508789523591	1508789523627	OK	 
REQUEST	Search	25		search 1	1508789523598	1508789523635	OK	 
USER	Home	11	END	1508789518518	1508789523638
REQUEST	Search	17		search 2	1508789523638	1508789523673	OK	 
REQUEST	Search	9		search 3	1508789523669	1508789523704	OK	 
USER	Search	34	START	1508789524020	1508789524020
USER	Home	32	START	1508789524020	1508789524020
REQUEST	Search	34		search 0	1508789524021	1508789524087	OK	 
REQUEST	Home	32		home	1508789524020	1508789524089	OK	 
REQUEST	Home	32		home Redirect 1	1508789524089	1508789524122	OK	 
USER	Home	12	END	1508789519018	1508789524142
REQUEST	Search	26		search 1	1508789524102	1508789524152	OK	 
REQUEST	Search	18		search 2	1508789524142	1508789524178	OK	 
REQUEST	Search	10		search 3	1508789524183	1508789524220	OK	 
REQUEST	Search	6		search 4	1508789524250	1508789524284	OK	 
USER	Search	37	START	1508789524519	1508789524519
USER	Home	35	START	1508789524519	1508789524519
REQUEST	Home	35		home	1508789524520	1508789524587	OK	 
REQUEST	Search	37		search 0	1508789524520	1508789524594	OK	 
REQUEST	Home	35		home Redirect 1	1508789524587	1508789524622	OK	 
USER	Home	15	END	1508789519523	1508789524632
REQUEST	Search	29		search 1	1508789524611	1508789524647	OK	 
REQUEST	Search	21		search 2	1508789524652	1508789524689	OK	 
REQUEST	Search	13		search 3	1508789524692	1508789524732	OK	 
REQUEST	Search	7		search 4	1508789524713	1508789524746	OK	 
USER	Search	38	START	1508789525018	1508789525018
USER	Home	36	START	1508789525018	1508789525018
REQUEST	Search	38		search 0	1508789525018	1508789525092	OK	 
REQUEST	Home	36		home	1508789525018	1508789525093	OK	 
REQUEST	Home	36		home Redirect 1	1508789525093	1508789525127	OK	 
REQUEST	Search	30		search 1	1508789525109	1508789525144	OK	 
USER	Home	16	END	1508789520021	1508789525160
REQUEST	Search	22		search 2	1508789525150	1508789525187	OK	 
REQUEST	Search	14		search 3	1508789525180	1508789525216	OK	 
REQUEST	Search	8		search 4	1508789525221	1508789525261	OK	 
USER	Search	40	START	1508789525521	1508789525521
USER	Home	39	START	1508789525521	1508789525521
REQUEST	Search	40		search 0	1508789525522	1508789525587	OK	 
REQUEST	Home	39		home	1508789525521	1508789525588	OK	 
REQUEST	Home	39		home Redirect 1	1508789525588	1508789525624	OK	 
REQUEST	Search	33		search 1	1508789525598	1508789525633	OK	 
USER	Home	19	END	1508789520518	1508789525638
REQUEST	Search	25		search 2	1508789525628	1508789525665	OK	 
REQUEST	Search	17		search 3	1508789525678	1508789525712	OK	 
REQUEST	Search	9		search 4	1508789525708	1508789525743	OK	 
USER	Home	20	END	1508789521022	1508789526134
REQUEST	Search	34		search 1	1508789526102	1508789526137	OK	 
REQUEST	Search	26		search 2	1508789526159	1508789526193	OK	 
REQUEST	Search	18		search 3	1508789526179	1508789526214	OK	 
REQUEST	Search	10		search 4	1508789526230	1508789526264	OK	 
USER	Search	6	END	1508789516045	1508789526292
USER	Home	23	END	1508789521521	1508789526631
REQUEST	Search	37		search 1	1508789526610	1508789526653	OK	 
REQUEST	Search	29		search 2	1508789526641	1508789526677	OK	 
REQUEST	Search	21		search 3	1508789526682	1508789526719	OK	 
USER	Search	7	END	1508789516518	1508789526753
REQUEST	Search	13		search 4	1508789526722	1508789526758	OK	 
USER	Home	24	END	1508789522022	1508789527128
REQUEST	Search	38		search 1	1508789527108	1508789527155	OK	 
REQUEST	Search	30		search 2	1508789527148	1508789527191	OK	 
REQUEST	Search	22		search 3	1508789527190	1508789527236	OK	 
REQUEST	Search	14		search 4	1508789527220	1508789527254	OK	 
USER	Search	8	END	1508789517021	1508789527270
USER	Home	27	END	1508789522523	1508789527642
REQUEST	Search	40		search 1	1508789527602	1508789527643	OK	 
REQUEST	Search	33		search 2	1508789527642	1508789527680	OK	 
REQUEST	Search	25		search 3	1508789527673	1508789527706	OK	 
REQUEST	Search	17		search 4	1508789527703	1508789527737	OK	 
USER	Search	9	END	1508789517519	1508789527738
USER	Home	28	END	1508789523022	1508789528132
REQUEST	Search	34		search 2	1508789528132	1508789528164	OK	 
REQUEST	Search	26		search 3	1508789528203	1508789528247	OK	 
REQUEST	Search	18		search 4	1508789528223	1508789528256	OK	 
USER	Search	10	END	1508789518022	1508789528258
USER	Home	31	END	1508789523518	1508789528631
REQUEST	Search	37		search 2	1508789528662	1508789528694	OK	 
REQUEST	Search	29		search 3	1508789528682	1508789528716	OK	 
USER	Search	13	END	1508789518518	1508789528763
REQUEST	Search	21		search 4	1508789528723	1508789528769	OK	 
USER	Home	32	END	1508789524020	1508789529140
REQUEST	Search	38		search 2	1508789529161	1508789529196	OK	 
REQUEST	Search	30		search 3	1508789529202	1508789529237	OK	 
USER	Search	14	END	1508789519018	1508789529252
REQUEST	Search	22		search 4	1508789529242	1508789529280	OK	 
USER	Home	35	END	1508789524519	1508789529640
REQUEST	Search	40		search 2	1508789529650	1508789529685	OK	 
REQUEST	Search	33		search 3	1508789529680	1508789529715	OK	 
USER	Search	17	END	1508789519523	1508789529732
REQUEST	Search	25		search 4	1508789529711	1508789529746	OK	 
USER	Home	36	END	1508789525018	1508789530138
REQUEST	Search	34		search 3	1508789530169	1508789530201	OK	 
USER	Search	18	END	1508789520021	1508789530240
REQUEST	Search	26		search 4	1508789530230	1508789530272	OK	 
USER	Home	39	END	1508789525521	1508789530628
REQUEST	Search	37		search 3	1508789530688	1508789530725	OK	 
REQUEST	Search	29		search 4	1508789530718	1508789530750	OK	 
USER	Search	21	END	1508789520518	1508789530759
REQUEST	Search	38		search 3	1508789531188	1508789531226	OK	 
REQUEST	Search	30		search 4	1508789531228	1508789531263	OK	 
USER	Search	22	END	1508789521022	1508789531268
REQUEST	Search	40		search 3	1508789531679	1508789531716	OK	 
USER	Search	25	END	1508789521521	1508789531750
REQUEST	Search	33		search 4	1508789531720	1508789531757	OK	 
REQUEST	Search	34		search 4	1508789532213	1508789532249	OK	 
USER	Search	26	END	1508789522022	1508789532288
USER	Search	29	END	1508789522523	1508789532753
REQUEST	Search	37		search 4	1508789532733	1508789532774	OK	 
REQUEST	Search	38		search 4	1508789533220	1508789533256	OK	 
USER	Search	30	END	1508789523022	1508789533260
USER	Search	33	END	1508789523518	1508789533753
REQUEST	Search	40		search 4	1508789533722	1508789533763	OK	 
USER	Search	34	END	1508789524020	1508789534241
USER	Search	37	END	1508789524519	1508789534771
USER	Search	38	END	1508789525018	1508789535270
USER	Search	40	END	1508789525521	1508789535753
